app/build/intermediates/manifest_merge_blame_file/debug/manifest-merger-blame-debug-report.txt
1<?xml version="1.0" encoding="utf-8"?>
2<manifest xmlns:android="http://schemas.android.com/apk/res/android"
3    package="com.lachongtech.uhftest"
4    android:versionCode="8"
5    android:versionName="1.1.8" >
6
7    <uses-sdk
8        android:minSdkVersion="21"
8-->src\main\AndroidManifest.xml
9        android:targetSdkVersion="28" />
9-->src\main\AndroidManifest.xml
10
11    <application
11-->src\main\AndroidManifest.xml:8:5-21:19
12        android:allowBackup="true"
12-->src\main\AndroidManifest.xml:9:9-35
13        android:debuggable="true"
14        android:icon="@drawable/icon"
14-->src\main\AndroidManifest.xml:10:9-38
15        android:label="@string/app_name"
15-->src\main\AndroidManifest.xml:11:9-41
16        android:testOnly="true" >
17        <activity
17-->src\main\AndroidManifest.xml:12:9-20:20
18            android:name="com.example.uhftest.MainActivity"
18-->src\main\AndroidManifest.xml:13:13-40
19            android:label="@string/app_name"
19-->src\main\AndroidManifest.xml:14:13-45
20            android:screenOrientation="portrait" >
20-->src\main\AndroidManifest.xml:15:13-49
21            <intent-filter>
21-->src\main\AndroidManifest.xml:16:13-19:29
22                <action android:name="android.intent.action.MAIN" />
22-->src\main\AndroidManifest.xml:17:17-69
22-->src\main\AndroidManifest.xml:17:25-66
23
24                <category android:name="android.intent.category.LAUNCHER" />
24-->src\main\AndroidManifest.xml:18:17-77
24-->src\main\AndroidManifest.xml:18:27-74
25            </intent-filter>
26        </activity>
27    </application>
28
29</manifest>